*PADS-PCB*
*PART*
C1     CAPC0201(0603)33_L
C2     CAPC0201(0603)33_M
C3     CAPC0201(0603)33_M
C4     CAPC0201(0603)33_M
C5     CAPC0201(0603)33_M
C6     CAPC0201(0603)33_M
C7     CAPC0201(0603)33_M
C8     CAPC0201(0603)33_M
C9     CAPC0201(0603)33_M
C10    CAPC0201(0603)33_M
C11    CAPC0201(0603)33_M
C12    CAPC0201(0603)33_M
C13    CAPC0201(0603)33_M
C14    CAPC0201(0603)33_M
C15    CAPC0201(0603)33_M
C16    CAPC0201(0603)33_M
C17    CAPC0201(0603)33_M
C18    CAPC0201(0603)33_M
C19    CAPC0201(0603)33_M
C20    CAPC0201(0603)33_M
C21    CAPC0201(0603)33_M
C22    CAPC0201(0603)33_M
C23    CAPC0201(0603)33_M
C24    CAPC0201(0603)33_M
C25    CAPC0402(1005)60_L
C26    CAPC0402(1005)60_L
C27    CAPC0201(0603)33_M
C28    CAPC0201(0603)33_M
C29    CAPC0201(0603)33_M
C30    CAPC0402(1005)60_L
C32    CAPC0201(0603)33_M
C33    CAPC0402(1005)60_M
C34    CAPC0201(0603)33_M
C35    CAPC0201(0603)33_M
C37    CAPC0201(0603)33_M
C38    CAPC0201(0603)33_M
C39    CAPC0201(0603)33_L
C40    CAPC0201(0603)33_L
C41    CAPC0201(0603)33_M
C42    CAPC0201(0603)33_M
C43    CAPC0201(0603)33_M
C44    CAPC0201(0603)33_M
C45    CAPC0402(1005)60_M
C46    CAPC0603(1608)100_N
C47    CAPC0402(1005)60_M
C48    CAPC0402(1005)60_M
C49    CAPC0805(2012)145_N
C50    CAPC0201(0603)33_M
C51    CAPC0201(0603)33_M
C52    CAPC0201(0603)33_M
C53    CAPC0603(1608)100_N
C54    CAPC0603(1608)100_N
C55    CAPC0603(1608)100_N
C56    CAPC0201(0603)33_L
C57    CAPC0402(1005)60_M
C58    CAPC0402(1005)60_M
C59    CAPC0402(1005)60_M
C60    CAPC0402(1005)60_M
C61    CAPC0805(2012)145_N
C62    CAPC0201(0603)33_L
C63    CAPC0201(0603)33_L
C64    CAPC0201(0603)33_L
C65A   CAPC0402(1005)60_M
C65B   CAPC0402(1005)60_M
C66A   CAPC0402(1005)60_M
C66B   CAPC0402(1005)60_M
C67A   CAPC0402(1005)60_M
C67B   CAPC0402(1005)60_M
C68    CAPC0201(0603)33_M
C69A   CAPC0402(1005)60_M
C69B   CAPC0402(1005)60_M
C70    CAPC0402(1005)60_M
C71    CAPC0201(0603)33_M
C72    CAPC0201(0603)33_M
C73    CAPC0402(1005)60_M
C74    CAPC0201(0603)33_M
C75    CAPC0402(1005)60_M
C76    CAPC0402(1005)60_M
C77    CAPC0402(1005)60_M
C78    CAPC0402(1005)60_M
C79    CAPC0402(1005)60_M
C80    CAPC0201(0603)33_M
C81    CAPC0402(1005)60_M
C83    CAPC0201(0603)33_M
C84    CAPC0201(0603)33_M
C85    CAPC0201(0603)33_M
C86A   CAPC0402(1005)60_L
C86B   CAPC0402(1005)60_L
C87    CAPC0603(1608)100_N
C88    CAPC0201(0603)33_M
C89    CAPC0402(1005)60_M
C90    CAPC0201(0603)33_M
C91    CAPC0201(0603)33_M
C92    CAPC0201(0603)33_M
C93    CAPC0201(0603)33_M
C94    CAPC0201(0603)33_M
C95    CAPC0201(0603)33_M
C96    CAPC0201(0603)33_M
C97    CAPC0201(0603)33_M
C98    CAPC0201(0603)33_M
C99    CAPC0201(0603)33_M
C100   CAPC0201(0603)33_M
C101   CAPC0201(0603)33_M
C102   CAPC0201(0603)33_M
C103A  CAPC0201(0603)33_L
C103B  CAPC0201(0603)33_L
C104   CAPC0201(0603)33_M
C105   CAPC0201(0603)33_M
C106   CAPC0201(0603)33_M
C107A  CAPC0201(0603)33_L
C107B  CAPC0201(0603)33_L
C108A  CAPC0201(0603)33_L
C108B  CAPC0201(0603)33_L
C109A  CAPC0201(0603)33_M
C109B  CAPC0201(0603)33_M
C110A  CAPC0201(0603)33_M
C110B  CAPC0201(0603)33_M
C111   CAPC0201(0603)33_M
C112   CAPC0201(0603)33_M
C113A  CAPC0402(1005)60_L
C113B  CAPC0402(1005)60_L
C114A  CAPC0402(1005)60_L
C114B  CAPC0402(1005)60_L
C115A  CAPC0402(1005)60_L
C115B  CAPC0402(1005)60_L
C116A  CAPC0402(1005)60_L
C116B  CAPC0402(1005)60_L
C117A  CAPC0402(1005)60_L
C117B  CAPC0402(1005)60_L
C118A  CAPC0603(1608)100_N
C118B  CAPC0603(1608)100_N
C120A  CAPC0201(0603)33_M
C120B  CAPC0201(0603)33_M
C121A  CAPC0603(1608)100_N
C121B  CAPC0603(1608)100_N
C122A  CAPC0402(1005)60_L
C122B  CAPC0402(1005)60_L
C123A  CAPC0402(1005)60_L
C123B  CAPC0402(1005)60_L
C124A  CAPC0402(1005)60_L
C124B  CAPC0402(1005)60_L
C125A  CAPC0402(1005)60_L
C125B  CAPC0402(1005)60_L
C126A  CAPC0402(1005)60_L
C126B  CAPC0402(1005)60_L
C127A  CAPC0402(1005)60_L
C127B  CAPC0402(1005)60_L
C128A  CAPC0402(1005)60_L
C128B  CAPC0402(1005)60_L
C129A  CAPC0402(1005)60_L
C129B  CAPC0402(1005)60_L
C131A  CAPC0402(1005)60_L
C131B  CAPC0402(1005)60_L
C133A  CAPC0402(1005)60_L
C133B  CAPC0402(1005)60_L
C135A  CAPC0402(1005)60_L
C135B  CAPC0402(1005)60_L
C137A  CAPC0402(1005)60_L
C137B  CAPC0402(1005)60_L
C138A  CAPC0603(1608)100_N
C138B  CAPC0603(1608)100_N
C139A  CAPC0402(1005)60_L
C139B  CAPC0402(1005)60_L
C140A  CAPC0603(1608)100_N
C140B  CAPC0603(1608)100_N
C141A  CAPC0603(1608)100_N
C141B  CAPC0603(1608)100_N
C142A  CAPC0201(0603)33_L
C142B  CAPC0201(0603)33_L
C143A  CAPC0201(0603)33_L
C143B  CAPC0201(0603)33_L
C144A  CAPC0603(1608)100_N
C144B  CAPC0603(1608)100_N
C145A  CAPC0402(1005)60_N
C145B  CAPC0402(1005)60_N
C146A  CAPC0201(0603)33_L
C146B  CAPC0201(0603)33_L
C147A  CAPC0201(0603)33_L
C147B  CAPC0201(0603)33_L
C148A  CAPC0402(1005)60_N
C148B  CAPC0402(1005)60_N
C149A  CAPC0402(1005)60_N
C149B  CAPC0402(1005)60_N
C150A  CAPC0402(1005)60_N
C150B  CAPC0402(1005)60_N
C151A  CAPC0201(0603)33_L
C151B  CAPC0201(0603)33_L
C152A  CAPC0402(1005)60_M
C152B  CAPC0402(1005)60_M
C153A  CAPC0402(1005)60_M
C153B  CAPC0402(1005)60_M
C154A  CAPC0201(0603)33_L
C154B  CAPC0201(0603)33_L
C155A  CAPC0603(1608)100_N
C155B  CAPC0603(1608)100_N
C156A  CAPC0603(1608)100_N
C156B  CAPC0603(1608)100_N
C157A  CAPC0603(1608)100_N
C157B  CAPC0603(1608)100_N
C158   CAPC0201(0603)33_M
C159   CAPC0201(0603)33_M
C160A  CAPC0603(1608)100_N
C160B  CAPC0603(1608)100_N
C161A  CAPC0603(1608)100_N
C161B  CAPC0603(1608)100_N
C162A  CAPC0603(1608)100_N
C162B  CAPC0603(1608)100_N
C163A  CAPC0603(1608)100_N
C163B  CAPC0603(1608)100_N
C164A  CAPC0603(1608)100_N
C164B  CAPC0603(1608)100_N
C165A  CAPC0603(1608)100_N
C165B  CAPC0603(1608)100_N
C166A  CAPC0402(1005)60_L
C166B  CAPC0402(1005)60_L
C167A  CAPC0201(0603)33_L
C167B  CAPC0201(0603)33_L
C168A  CAPC0201(0603)33_L
C168B  CAPC0201(0603)33_L
C179   CAPC0402(1005)60_L
C190   CAPC0402(1005)60_L
C191   CAPC0201(0603)33_M
C198A  CAPC0201(0603)33_L
C198B  CAPC0201(0603)33_L
C199A  CAPC0201(0603)33_M
C199B  CAPC0201(0603)33_M
C200A  CAPC0805(2012)145_N
C200B  CAPC0805(2012)145_N
C201   CAPC0201(0603)33_M
C202   CAPC0201(0603)33_M
C203   CAPC0201(0603)33_M
C204A  CAPC0805(2012)145_N
C204B  CAPC0805(2012)145_N
C205A  CAPC0201(0603)33_M
C205B  CAPC0201(0603)33_M
C206   CAPC0201(0603)33_M
C207   CAPC0201(0603)33_M
C209A  CAPC0201(0603)33_L
C209B  CAPC0201(0603)33_L
C212A  CAPC0201(0603)33_L
C212B  CAPC0201(0603)33_L
C213A  CAPC0201(0603)33_M
C213B  CAPC0201(0603)33_M
C214A  CAPC0201(0603)33_L
C214B  CAPC0201(0603)33_L
C215A  CAPC0201(0603)33_M
C215B  CAPC0201(0603)33_M
C216A  CAPC0603(1608)100_N
C216B  CAPC0603(1608)100_N
C217A  CAPC0603(1608)100_N
C217B  CAPC0603(1608)100_N
C218   CAPC0201(0603)33_M
C219A  CAPC0201(0603)33_L
C219B  CAPC0201(0603)33_L
C220   CAPC0201(0603)33_M
C221   CAPC0201(0603)33_M
C222   CAPC0201(0603)33_M
C223A  CAPC0603(1608)100_N
C223B  CAPC0603(1608)100_N
C224A  CAPC0201(0603)33_L
C224B  CAPC0201(0603)33_L
C225A  CAPC0201(0603)33_M
C225B  CAPC0201(0603)33_M
C226A  CAPC0201(0603)33_L
C226B  CAPC0201(0603)33_L
C227A  CAPC0201(0603)33_M
C227B  CAPC0201(0603)33_M
C228A  CAPC0201(0603)33_L
C228B  CAPC0201(0603)33_L
C229A  CAPC0201(0603)33_M
C229B  CAPC0201(0603)33_M
C230A  CAPC0201(0603)33_L
C230B  CAPC0201(0603)33_L
C231A  CAPC0201(0603)33_M
C231B  CAPC0201(0603)33_M
C232A  CAPC0201(0603)33_L
C232B  CAPC0201(0603)33_L
C233A  CAPC0201(0603)33_M
C233B  CAPC0201(0603)33_M
C234A  CAPC0805(2012)145_N
C234B  CAPC0805(2012)145_N
C235A  CAPC0805(2012)145_N
C235B  CAPC0805(2012)145_N
C236A  CAPC0201(0603)33_M
C236B  CAPC0201(0603)33_M
C237A  CAPC0201(0603)33_L
C237B  CAPC0201(0603)33_L
C238A  CAPC0201(0603)33_L
C238B  CAPC0201(0603)33_L
C239A  CAPC0201(0603)33_M
C239B  CAPC0201(0603)33_M
C240A  CAPC0805(2012)145_N
C240B  CAPC0805(2012)145_N
C241A  CAPC0805(2012)145_N
C241B  CAPC0805(2012)145_N
C242A  CAPC0402(1005)60_N
C242B  CAPC0402(1005)60_N
C243A  CAPC0201(0603)33_M
C243B  CAPC0201(0603)33_M
C244A  CAPC0201(0603)33_L
C244B  CAPC0201(0603)33_L
C245   CAPC0201(0603)33_M
C246A  CAPC0805(2012)145_N
C246B  CAPC0805(2012)145_N
C247A  CAPC0402(1005)60_N
C247B  CAPC0402(1005)60_N
c248A  CAPC0201(0603)33_L
c248B  CAPC0201(0603)33_L
C249A  CAPC0201(0603)33_L
C249B  CAPC0201(0603)33_L
C250A  CAPC0201(0603)33_M
C250B  CAPC0201(0603)33_M
C251A  CAPC0201(0603)33_L
C251B  CAPC0201(0603)33_L
C252A  CAPC0201(0603)33_M
C252B  CAPC0201(0603)33_M
C254   CAPC0201(0603)33_M
C255   CAPC0201(0603)33_M
C256A  CAPC0402(1005)60_L
C256B  CAPC0402(1005)60_L
C257A  CAPC0402(1005)60_L
C257B  CAPC0402(1005)60_L
C258A  CAPC0402(1005)60_L
C258B  CAPC0402(1005)60_L
C259A  CAPC0402(1005)60_L
C259B  CAPC0402(1005)60_L
C260   CAPC0201(0603)33_M
C261   CAPC0201(0603)33_M
C262   CAPC0201(0603)33_M
C263   CAPC0201(0603)33_M
C264   CAPC0201(0603)33_M
C265   CAPC0201(0603)33_M
C266   CAPC0201(0603)33_M
C267   CAPC0201(0603)33_M
C268   CAPC0201(0603)33_M
C269A  CAPC0402(1005)60_L
C269B  CAPC0402(1005)60_L
C270A  CAPC0402(1005)60_L
C270B  CAPC0402(1005)60_L
C271A  CAPC0402(1005)60_L
C271B  CAPC0402(1005)60_L
C272A  CAPC0402(1005)60_L
C272B  CAPC0402(1005)60_L
C273A  CAPC0402(1005)60_L
C273B  CAPC0402(1005)60_L
C274A  CAPC0402(1005)60_L
C274B  CAPC0402(1005)60_L
C275A  CAPC0201(0603)33_L
C275B  CAPC0201(0603)33_L
C276A  CAPC0402(1005)60_L
C276B  CAPC0402(1005)60_L
C277A  CAPC0402(1005)60_L
C277B  CAPC0402(1005)60_L
C300   CAPC0402(1005)60_L
C301   CAPC0402(1005)60_M
C302   CAPC0402(1005)60_M
C303   CAPC0201(0603)33_M
C304   CAPC0201(0603)33_M
C305   CAPC0201(0603)33_M
C306   CAPC0201(0603)33_M
C307   CAPC0201(0603)33_M
C308   CAPC0201(0603)33_M
C309   CAPC0201(0603)33_M
C310   CAPC0201(0603)33_M
C311A  CAPC0402(1005)60_L
C311B  CAPC0402(1005)60_L
C312A  CAPC0402(1005)60_L
C312B  CAPC0402(1005)60_L
C313A  CAPC0402(1005)60_L
C313B  CAPC0402(1005)60_L
C314A  CAPC0402(1005)60_L
C314B  CAPC0402(1005)60_L
C315   CAPC0201(0603)33_M
D1     SOT-323
D2     LXES15
D4     D_0402_21
D5     D_0402_21
D6     D_0402_21
D8     D_0402_21
D9     D_0402_21
D10A   LXES15
D10B   LXES15
D11A   SON40P150X80_HS-7L
D11B   SON40P150X80_HS-7L
D12    LXES15
D13A   SON40P150X80_HS-7L
D13B   SON40P150X80_HS-7L
D14    D_0402_21
D15A   LXES15
D15B   LXES15
D16A   LXES15
D16B   LXES15
D17A   LXES15
D17B   LXES15
D20    
FB1    MURA-BLM03-CHIP-2_V
FB2    MURA-BLM03-CHIP-2_V
FB3    MURA-BLM03-CHIP-2_V
FB4    MURA-BLM03-CHIP-2_V
FB5    MURA-BLM18KG_TN-B60-CHIP-2_V4
FB6    MURA-BLM03-CHIP-2_V
FB7    L_0402
FB8A   MURA-BLM03-CHIP-2_V
FB8B   MURA-BLM03-CHIP-2_V
FB9A   MURA-BLM03-CHIP-2_V
FB9B   MURA-BLM03-CHIP-2_V
FB10A  MURA-BLM03-CHIP-2_V
FB10B  MURA-BLM03-CHIP-2_V
FB11A  MURA-BLM03-CHIP-2_V
FB11B  MURA-BLM03-CHIP-2_V
FB12A  MURA-BLM18KG_TN-B60-CHIP-2_V4
FB12B  MURA-BLM18KG_TN-B60-CHIP-2_V4
FB13A  MURA-BLM18KG_TN-B60-CHIP-2_V4
FB13B  MURA-BLM18KG_TN-B60-CHIP-2_V4
FB14A  MURA-BLM18KG_TN-B60-CHIP-2_V4
FB14B  MURA-BLM18KG_TN-B60-CHIP-2_V4
FB15A  MURA-BLM18KG_TN-B60-CHIP-2_V4
FB15B  MURA-BLM18KG_TN-B60-CHIP-2_V4
FB20A  L_0402
FB20B  L_0402
FB21   MURA-BLM15-CHIP-2_V
FB22A  MURA-BLM15-CHIP-2_V
FB22B  MURA-BLM15-CHIP-2_V
FB23A  MURA-BLM15-CHIP-2_V
FB23B  MURA-BLM15-CHIP-2_V
FB24   MURA-BLM03-CHIP-2_V
FB25A  MURA-BLM18KG_TN-B60-CHIP-2_V4
FB25B  MURA-BLM18KG_TN-B60-CHIP-2_V4
FB26A  L_0402
FB26B  L_0402
FB27A  MURA-BLM15-CHIP-2_V
FB27B  MURA-BLM15-CHIP-2_V
FB28A  MURA-BLM15-CHIP-2_V
FB28B  MURA-BLM15-CHIP-2_V
FB29A  MURA-BLM15-CHIP-2_V
FB29B  MURA-BLM15-CHIP-2_V
FB30A  MURA-BLM15-CHIP-2_V
FB30B  MURA-BLM15-CHIP-2_V
FL1A   AM3025
FL1B   AM3025
FL2A   AM3025
FL2B   AM3025
J1A    MMCX_RA
J1A    PCBComponent_1
J1B    MMCX_RA
J1B    PCBComponent_1
J2A    MMCX_RA
J2A    PCBComponent_1
J2B    MMCX_RA
J2B    PCBComponent_1
J3A    MMCX_RA
J3A    PCBComponent_1
J3B    MMCX_RA
J3B    PCBComponent_1
J4A    MMCX_RA
J4A    PCBComponent_1
J4B    MMCX_RA
J4B    PCBComponent_1
J5     MMCX_RA
J5     PCBComponent_1
J6     MMCX_RA
J6     PCBComponent_1
J7     W.FL-R-SMT-1(10)
J8A    U.FL-R-SMT
J8B    U.FL-R-SMT
J9A    U.FL-R-SMT
J9B    U.FL-R-SMT
J300   W.FL-R-SMT-1(10)
J301   W.FL-R-SMT-1(10)
J302   W.FL-R-SMT-1(10)
J304   W.FL-R-SMT-1(10)
L1A    L_0402
L1B    L_0402
L2A    XFL3010
L2B    XFL3010
L3A    XFL3010
L3B    XFL3010
L4A    L_0402
L4B    L_0402
L5A    L_0402
L5B    L_0402
L6A    L_0402
L6B    L_0402
P1     ASP-134488-01
Q1     
Q2     
Q3     
Q4     
Q5     
Q6     
Q7     
R1     RESC0201(0603)_N
R2     RESC0201(0603)_N
R3     RESC0201(0603)_N
R4     RESC0201(0603)_N
R5     RESC0201(0603)_N
R6     RESC0201(0603)_N
R7     RESC0201(0603)_N
R8     RESC0201(0603)_M
R9     RESC0201(0603)_N
R10    RESC0201(0603)_M
R11    RESC0201(0603)_M
R12    RESC0201(0603)_M
R13    RESC0201(0603)_M
R14    RESC0201(0603)_M
R15    RESC0402(1005)_L
R16    RESC0201(0603)_M
R17    RESC0201(0603)_M
R18    RESC0201(0603)_M
R19    RESC0201(0603)_M
R20    RESC0201(0603)_M
R21    RESC0201(0603)_M
R22    RESC0201(0603)_M
R23    RESC0201(0603)_M
R25    RESC0201(0603)_M
R26    RESC0201(0603)_M
R27    RESC0201(0603)_M
R28    RESC0201(0603)_M
R31    RESC0201(0603)_M
R32    RESC0201(0603)_M
R33    RESC0201(0603)_M
R34    RESC0201(0603)_N
R35    RESC0402(1005)_N
R36    RESC0201(0603)_M
R37    RESC0201(0603)_M
R38    RESC0201(0603)_M
R39    RESC0201(0603)_N
R40A   RESC0402(1005)_N
R40B   RESC0402(1005)_N
R41A   RESC0402(1005)_N
R41B   RESC0402(1005)_N
R42A   RESC0402(1005)_N
R42B   RESC0402(1005)_N
R43A   RESC0402(1005)_N
R43B   RESC0402(1005)_N
R44A   RESC0402(1005)_N
R44B   RESC0402(1005)_N
R45A   RESC0402(1005)_N
R45B   RESC0402(1005)_N
R46A   RESC0402(1005)_N
R46B   RESC0402(1005)_N
R47    RESC0201(0603)_N
R48A   RESC0201(0603)_M
R48B   RESC0201(0603)_M
R49    RESC0201(0603)_N
R50    RESC0201(0603)_N
R51    RESC0201(0603)_N
R52    RESC0201(0603)_N
R53    RESC0201(0603)_N
R54    RESC0402(1005)_N
R55    RESC0402(1005)_M
R56    RESC0402(1005)_L
R57    RESC0201(0603)_N
R58A   RESC0402(1005)_N
R58B   RESC0402(1005)_N
R59A   RESC0402(1005)_L
R59B   RESC0402(1005)_L
R60A   RESC0201(0603)_M
R60B   RESC0201(0603)_M
R61A   RESC0201(0603)_M
R61B   RESC0201(0603)_M
R62A   RESC0201(0603)_M
R62B   RESC0201(0603)_M
R63A   RESC0201(0603)_M
R63B   RESC0201(0603)_M
R64A   RESC0201(0603)_M
R64B   RESC0201(0603)_M
R65A   RESC0201(0603)_M
R65B   RESC0201(0603)_M
R66A   RESC0201(0603)_M
R66B   RESC0201(0603)_M
R67A   RESC0201(0603)_M
R67B   RESC0201(0603)_M
R68A   RESC0201(0603)_M
R68B   RESC0201(0603)_M
R69A   RESC0201(0603)_M
R69B   RESC0201(0603)_M
R70A   RESC0201(0603)_M
R70B   RESC0201(0603)_M
R71A   RESC0201(0603)_N
R71B   RESC0201(0603)_N
R72A   RESC0201(0603)_N
R72B   RESC0201(0603)_N
R73A   RESC0402(1005)_N
R73B   RESC0402(1005)_N
R74A   RESC0402(1005)_N
R74B   RESC0402(1005)_N
R75A   RESC0402(1005)_N
R75B   RESC0402(1005)_N
R76A   RESC0402(1005)_L
R76B   RESC0402(1005)_L
R77    RESC0201(0603)_M
R78    RESC0201(0603)_N
R80A   RESC0402(1005)_L
R80B   RESC0402(1005)_L
R81A   RESC0201(0603)_N
R81B   RESC0201(0603)_N
R82A   RESC0201(0603)_N
R82B   RESC0201(0603)_N
R83A   RESC0201(0603)_N
R83B   RESC0201(0603)_N
R84A   RESC0201(0603)_N
R84B   RESC0201(0603)_N
R85A   RESC0201(0603)_N
R85B   RESC0201(0603)_N
R86A   RESC0201(0603)_N
R86B   RESC0201(0603)_N
R88A   RESC0402(1005)_M
R88B   RESC0402(1005)_M
R89A   RESC0402(1005)_M
R89B   RESC0402(1005)_M
R90A   RESC0402(1005)_N
R90B   RESC0402(1005)_N
R91A   RESC0201(0603)_N
R91B   RESC0201(0603)_N
R92A   RESC0201(0603)_N
R92B   RESC0201(0603)_N
R93A   RESC0201(0603)_N
R93B   RESC0201(0603)_N
R94A   RESC0201(0603)_N
R94B   RESC0201(0603)_N
R95A   RESC0201(0603)_N
R95B   RESC0201(0603)_N
R96A   RESC0201(0603)_N
R96B   RESC0201(0603)_N
R97A   RESC0201(0603)_N
R97B   RESC0201(0603)_N
R114   RESC0201(0603)_N
R115   RESC0201(0603)_N
R117   RESC0201(0603)_N
R120   RESC0201(0603)_M
R126   RESC0201(0603)_M
R127   RESC0201(0603)_M
R130   RESC0201(0603)_M
R132   RESC0201(0603)_N
R133   RESC0201(0603)_M
R134   RESC0201(0603)_M
R135   RESC0201(0603)_M
R136   RESC0201(0603)_N
R137   RESC0201(0603)_M
R138   RESC0201(0603)_N
R139   RESC0201(0603)_M
R141   RESC1206(3216)_M
R142   RESC0201(0603)_N
R143   RESC0201(0603)_M
R149   RESC0201(0603)_M
R152A  RESC0201(0603)_N
R152B  RESC0201(0603)_N
R153A  RESC0201(0603)_N
R153B  RESC0201(0603)_N
R154A  RESC0201(0603)_N
R154B  RESC0201(0603)_N
R155A  RESC0201(0603)_N
R155B  RESC0201(0603)_N
R156A  RESC0201(0603)_N
R156B  RESC0201(0603)_N
R157A  RESC0201(0603)_M
R157B  RESC0201(0603)_M
R158A  RESC0201(0603)_N
R158B  RESC0201(0603)_N
R159A  RESC0201(0603)_M
R159B  RESC0201(0603)_M
R161   RESC0201(0603)_M
R162   RESC0201(0603)_M
R164A  RESC0201(0603)_N
R164B  RESC0201(0603)_N
R167   RESC0201(0603)_N
R168   RESC0201(0603)_N
R169A  RESC0201(0603)_N
R169B  RESC0201(0603)_N
R170A  RESC0201(0603)_N
R170B  RESC0201(0603)_N
R193A  RESC0201(0603)_N
R193B  RESC0201(0603)_N
R194A  RESC0201(0603)_N
R194B  RESC0201(0603)_N
R195A  RESC0201(0603)_N
R195B  RESC0201(0603)_N
R196A  RESC0201(0603)_N
R196B  RESC0201(0603)_N
R197A  RESC0201(0603)_N
R197B  RESC0201(0603)_N
R198A  RESC0201(0603)_N
R198B  RESC0201(0603)_N
R199A  RESC0201(0603)_N
R199B  RESC0201(0603)_N
R200A  RESC0201(0603)_N
R200B  RESC0201(0603)_N
R201A  RESC0201(0603)_N
R201B  RESC0201(0603)_N
R202A  RESC0201(0603)_N
R202B  RESC0201(0603)_N
R217   RESC0402(1005)_L
R218   RESC0402(1005)_M
R219   RESC0402(1005)_M
R220   RESC1206(3216)_M
R221   RESC0201(0603)_M
R222   RESC0201(0603)_M
R227   RESC0402(1005)_M
R233A  R_0402
R233B  R_0402
R239   RESC0201(0603)_M
R240   RESC0201(0603)_N
R241   RESC0201(0603)_N
R242   RESC0201(0603)_N
R243   RESC0201(0603)_N
R244   RESC0201(0603)_N
R246   RESC0201(0603)_N
R259   RESC0201(0603)_M
R300   RESC0201(0603)_N
R301   RESC0201(0603)_N
R302   RESC0201(0603)_N
R303   RESC0201(0603)_N
R304   RESC0201(0603)_N
R305   RESC0201(0603)_N
T1     wbc
T4A    DB1627
T4B    DB1627
T5A    DB1627
T5B    DB1627
T6A    DB1627
T6B    DB1627
T7A    DB1627
T7B    DB1627
T8A    DB1627
T8B    DB1627
U1A    BC-196-7
U1B    BC-196-7
U2     ADI-CP-72-6_L
U3     8BGA_0M5
U4     YZP20
U5A    YZP0008ADAD
U5B    YZP0008ADAD
U6     
U7     YZP0006ADAD
U8A    YZP0008ADAD
U8B    YZP0008ADAD
U9     U_CB-4-3
U10A   ADI-CB-4-3
U10B   ADI-CB-4-3
U11    RJ-8_M
U12    DCN0008A_M
U13    
U14    ADI-CB-4-3
U15A   
U15B   
U16    ADI-CB-4-3
U17    ADI-CB-4-3
U18A   
U18B   
U19    DBV0005A_M
U20A   
U20B   
U21A   PCBComponent
U21B   PCBComponent
U22A   
U22B   
U23A   PCBComponent
U23B   PCBComponent
U24A   ADI-CB-4-3
U24B   ADI-CB-4-3
U25A   CP-16-22_N
U25B   CP-16-22_N
U26    SC70-6L
U27    SOT-23-6
U28    TDFN-MN8
U29A   
U29B   
U32    DCN0008A_M
U33    8BGA_0M5
U36    
U38A   ADI-CB-4-3
U38B   ADI-CB-4-3
U57    SC70-6L
U300   ADI-CB-4-3
U301   
Y1     Y_ASVTX-12
Y2     
Y3     
*END*
