*PADS-PCB*
*PART*
C1     C_0402
C2     C_0402
C3     C_0402
C4     C_0402
C5     C_0402
C6     C_0402
C7     C_0402
C8     C_0402
C9     C_0402
C10    C_0402
C11    C_0402
C13    C_0402
C14    C_0402
C15    C_0402
C16    C_0402
C17    C_0402
C18    C_0402
C19    C_0402
C20    C_0402
C21    C_0402
C22    C_0402
C23    C_0402
C24    C_0402
C25    C_0402
C26    C_0402
C27    C_0402
C28    C_0402
C29    C_0402
C30    C_0402
C31    C_0402
C32    C_0402
C33    C_0402
C34    C_0402
C35    C_0402
C36    C_0402
D1     ONSEMI_0201_DSN2_153AF
D2     ONSEMI_0201_DSN2_153AF
D3     D_SOD-523
D4     D_SOD-523
D5     LED_0402
D6     ONSEMI_0201_DSN2_153AF
D7     ONSEMI_0201_DSN2_153AF
D8     ONSEMI_0201_DSN2_153AF
D9     ONSEMI_0201_DSN2_153AF
FL1    SAW_3X3mm
FL2    SAW_3X3mm
FL3    SAW_3.8X3.8MM
H1     NPTH_3mm_ID
H2     NPTH_3mm_ID
H3     NPTH_3mm_ID
H4     NPTH_3mm_ID
J1     USB_Mini-B_Molex-054819-0519
J2     FRAMATOME_67997-206HLF
J3     PinSocket_2x20_P2.54mm_Vertical
J4     619540-1
J5     619540-1
J6     PinHeader_2x02_P2.54mm_Vertical
J7     619540-1
J8     619540-1
J9     PinHeader_1x02_P2.54mm_Vertical
L1     L_0603
L2     L_0603
Q1     SOT-23
Q2     SOT-23-6
R1     R_0402
R2     R_0402
R3     R_0402
R4     R_0402
R5     R_0402
R6     R_0603_1608Metric_Pad0.84x1.00mm_HandSolder
R7     R_0603_1608Metric_Pad0.84x1.00mm_HandSolder
R8     R_0603_1608Metric_Pad0.84x1.00mm_HandSolder
R9     R_0603_1608Metric_Pad0.84x1.00mm_HandSolder
R10    R_0402
R11    R_0603_1608Metric_Pad0.84x1.00mm_HandSolder
R12    R_0402
R13    R_0402
R14    R_0402
R15    R_0402
R16    R_0402
R17    R_0402
R18    R_0402
R19    R_0402
R20    R_0402
R21    R_0402
R22    R_0402
R23    R_0603_1608Metric_Pad0.84x1.00mm_HandSolder
R24    R_0603_1608Metric_Pad0.84x1.00mm_HandSolder
R25    R_0402
R26    R_0402
R27    R_0402
R29    R_0603_1608Metric_Pad0.84x1.00mm_HandSolder
U1     SOT-23-5
U2     SOIC-8_3.9x4.9mm_P1.27mm
U3     SOT-23-5
U4     QFN-24-1EP_4x4mm_Pitch0.5mm
U5     QFN-32-1EP_5x5mm_Pitch0.5mm
U6     QFN45P200X200X55-15N
U7     SKY_QFN6_1x1mm
U8     DFN-8
U9     SKY_QFN6_1x1mm
U10    SKY_QFN6_1x1mm
U11    DFN-8
U12    QFN45P200X200X55-15N
U13    SKY_QFN6_1x1mm
*END*